TN:
SF:src/sum.js
FN:1,sum
FNF:1
FNH:1
FNDA:1,sum
DA:2,1
DA:4,1
LF:2
LH:2
BRF:0
BRH:0
end_of_record
TN:
SF:src/snapshot/Clock.react.js
FN:6,(anonymous_0)
FN:12,(anonymous_1)
FN:13,(anonymous_2)
FN:16,(anonymous_3)
FN:20,(anonymous_4)
FN:26,(anonymous_5)
FNF:6
FNH:3
FNDA:1,(anonymous_0)
FNDA:1,(anonymous_1)
FNDA:0,(anonymous_2)
FNDA:0,(anonymous_3)
FNDA:0,(anonymous_4)
FNDA:1,(anonymous_5)
DA:7,1
DA:9,1
DA:13,1
DA:17,0
DA:21,0
DA:27,1
LF:6
LH:4
BRF:0
BRH:0
end_of_record
TN:
SF:src/snapshot/Link.react.js
FN:11,(anonymous_0)
FN:19,(anonymous_1)
FN:23,(anonymous_2)
FN:27,(anonymous_3)
FNF:4
FNH:4
FNDA:4,(anonymous_0)
FNDA:1,(anonymous_1)
FNDA:1,(anonymous_2)
FNDA:6,(anonymous_3)
DA:5,1
DA:12,4
DA:14,4
DA:19,4
DA:20,1
DA:23,4
DA:24,1
DA:28,6
LF:8
LH:8
BRDA:31,0,0,6
BRDA:31,0,1,2
BRF:2
BRH:2
end_of_record
