<?xml version="1.0" encoding="UTF-8"?>
<coverage generated="1604017085854" clover="3.2.0">
  <project timestamp="1604017085854" name="All files">
    <metrics statements="159" coveredstatements="141" conditionals="44" coveredconditionals="28" methods="110" coveredmethods="94" elements="313" coveredelements="263" complexity="0" loc="159" ncloc="159" packages="1" files="9" classes="9"/>
    <file name="07.ts" path="/Users/nhn/github/NT-FE-STUDY/04-tdd/src/chapter-1/07.ts">
      <metrics statements="10" coveredstatements="10" conditionals="2" coveredconditionals="2" methods="7" coveredmethods="7"/>
      <line num="2" count="6" type="stmt"/>
      <line num="5" count="1" type="stmt"/>
      <line num="6" count="20" type="stmt"/>
      <line num="11" count="6" type="stmt"/>
      <line num="15" count="3" type="stmt"/>
      <line num="19" count="5" type="cond" truecount="2" falsecount="0"/>
      <line num="23" count="1" type="stmt"/>
      <line num="25" count="2" type="stmt"/>
      <line num="29" count="1" type="stmt"/>
      <line num="31" count="2" type="stmt"/>
    </file>
    <file name="08.ts" path="/Users/nhn/github/NT-FE-STUDY/04-tdd/src/chapter-1/08.ts">
      <metrics statements="10" coveredstatements="10" conditionals="2" coveredconditionals="2" methods="7" coveredmethods="7"/>
      <line num="2" count="6" type="stmt"/>
      <line num="5" count="1" type="stmt"/>
      <line num="6" count="20" type="stmt"/>
      <line num="11" count="8" type="stmt"/>
      <line num="15" count="3" type="stmt"/>
      <line num="19" count="5" type="cond" truecount="2" falsecount="0"/>
      <line num="23" count="1" type="stmt"/>
      <line num="25" count="2" type="stmt"/>
      <line num="29" count="1" type="stmt"/>
      <line num="31" count="2" type="stmt"/>
    </file>
    <file name="09.ts" path="/Users/nhn/github/NT-FE-STUDY/04-tdd/src/chapter-1/09.ts">
      <metrics statements="13" coveredstatements="13" conditionals="4" coveredconditionals="4" methods="10" coveredmethods="10"/>
      <line num="2" count="6" type="stmt"/>
      <line num="5" count="1" type="stmt"/>
      <line num="6" count="22" type="stmt"/>
      <line num="11" count="11" type="stmt"/>
      <line num="15" count="6" type="stmt"/>
      <line num="19" count="5" type="cond" truecount="2" falsecount="0"/>
      <line num="23" count="2" type="stmt"/>
      <line num="27" count="1" type="stmt"/>
      <line num="29" count="11" type="stmt"/>
      <line num="33" count="2" type="stmt"/>
      <line num="37" count="1" type="stmt"/>
      <line num="39" count="11" type="stmt"/>
      <line num="43" count="2" type="stmt"/>
    </file>
    <file name="10.ts" path="/Users/nhn/github/NT-FE-STUDY/04-tdd/src/chapter-1/10.ts">
      <metrics statements="12" coveredstatements="11" conditionals="4" coveredconditionals="4" methods="9" coveredmethods="8"/>
      <line num="1" count="1" type="stmt"/>
      <line num="2" count="24" type="stmt"/>
      <line num="5" count="9" type="stmt"/>
      <line num="9" count="4" type="stmt"/>
      <line num="13" count="4" type="stmt"/>
      <line num="17" count="6" type="cond" truecount="2" falsecount="0"/>
      <line num="21" count="10" type="stmt"/>
      <line num="25" count="0" type="stmt"/>
      <line num="29" count="1" type="stmt"/>
      <line num="31" count="9" type="stmt"/>
      <line num="35" count="1" type="stmt"/>
      <line num="37" count="10" type="stmt"/>
    </file>
    <file name="11.ts" path="/Users/nhn/github/NT-FE-STUDY/04-tdd/src/chapter-1/11.ts">
      <metrics statements="12" coveredstatements="10" conditionals="4" coveredconditionals="2" methods="9" coveredmethods="7"/>
      <line num="1" count="1" type="stmt"/>
      <line num="2" count="20" type="stmt"/>
      <line num="5" count="9" type="stmt"/>
      <line num="9" count="5" type="stmt"/>
      <line num="13" count="4" type="stmt"/>
      <line num="17" count="4" type="cond" truecount="2" falsecount="0"/>
      <line num="21" count="8" type="stmt"/>
      <line num="25" count="0" type="stmt"/>
      <line num="29" count="1" type="stmt"/>
      <line num="31" count="0" type="stmt"/>
      <line num="35" count="1" type="stmt"/>
      <line num="37" count="1" type="stmt"/>
    </file>
    <file name="12.ts" path="/Users/nhn/github/NT-FE-STUDY/04-tdd/src/chapter-1/12.ts">
      <metrics statements="15" coveredstatements="13" conditionals="4" coveredconditionals="2" methods="11" coveredmethods="9"/>
      <line num="5" count="1" type="stmt"/>
      <line num="7" count="1" type="stmt"/>
      <line num="11" count="1" type="stmt"/>
      <line num="12" count="26" type="stmt"/>
      <line num="15" count="14" type="stmt"/>
      <line num="19" count="5" type="stmt"/>
      <line num="23" count="4" type="stmt"/>
      <line num="27" count="4" type="cond" truecount="2" falsecount="0"/>
      <line num="31" count="8" type="stmt"/>
      <line num="35" count="0" type="stmt"/>
      <line num="39" count="1" type="stmt"/>
      <line num="43" count="1" type="stmt"/>
      <line num="45" count="0" type="stmt"/>
      <line num="49" count="1" type="stmt"/>
      <line num="51" count="1" type="stmt"/>
    </file>
    <file name="13.ts" path="/Users/nhn/github/NT-FE-STUDY/04-tdd/src/chapter-1/13.ts">
      <metrics statements="20" coveredstatements="18" conditionals="4" coveredconditionals="2" methods="14" coveredmethods="12"/>
      <line num="5" count="1" type="stmt"/>
      <line num="6" count="3" type="stmt"/>
      <line num="9" count="2" type="stmt"/>
      <line num="10" count="2" type="stmt"/>
      <line num="14" count="1" type="stmt"/>
      <line num="20" count="3" type="stmt"/>
      <line num="24" count="1" type="stmt"/>
      <line num="25" count="31" type="stmt"/>
      <line num="28" count="18" type="stmt"/>
      <line num="32" count="5" type="stmt"/>
      <line num="36" count="4" type="stmt"/>
      <line num="40" count="4" type="cond" truecount="2" falsecount="0"/>
      <line num="44" count="8" type="stmt"/>
      <line num="48" count="0" type="stmt"/>
      <line num="53" count="2" type="stmt"/>
      <line num="57" count="1" type="stmt"/>
      <line num="61" count="1" type="stmt"/>
      <line num="63" count="0" type="stmt"/>
      <line num="67" count="1" type="stmt"/>
      <line num="69" count="1" type="stmt"/>
    </file>
    <file name="14.ts" path="/Users/nhn/github/NT-FE-STUDY/04-tdd/src/chapter-1/14.ts">
      <metrics statements="33" coveredstatements="28" conditionals="10" coveredconditionals="5" methods="21" coveredmethods="17"/>
      <line num="5" count="1" type="stmt"/>
      <line num="6" count="3" type="stmt"/>
      <line num="9" count="2" type="stmt"/>
      <line num="10" count="2" type="stmt"/>
      <line num="14" count="1" type="stmt"/>
      <line num="15" count="2" type="stmt"/>
      <line num="18" count="2" type="stmt"/>
      <line num="22" count="0" type="stmt"/>
      <line num="23" count="0" type="cond" truecount="0" falsecount="2"/>
      <line num="27" count="0" type="stmt"/>
      <line num="31" count="1" type="stmt"/>
      <line num="32" count="5" type="stmt"/>
      <line num="35" count="1" type="stmt"/>
      <line num="39" count="3" type="cond" truecount="2" falsecount="0"/>
      <line num="40" count="2" type="stmt"/>
      <line num="43" count="1" type="stmt"/>
      <line num="45" count="1" type="cond" truecount="1" falsecount="1"/>
      <line num="54" count="4" type="stmt"/>
      <line num="58" count="1" type="stmt"/>
      <line num="59" count="35" type="stmt"/>
      <line num="62" count="19" type="stmt"/>
      <line num="66" count="6" type="stmt"/>
      <line num="70" count="4" type="stmt"/>
      <line num="74" count="4" type="cond" truecount="2" falsecount="0"/>
      <line num="78" count="10" type="stmt"/>
      <line num="82" count="0" type="stmt"/>
      <line num="87" count="2" type="stmt"/>
      <line num="91" count="2" type="stmt"/>
      <line num="92" count="2" type="stmt"/>
      <line num="96" count="1" type="stmt"/>
      <line num="98" count="0" type="stmt"/>
      <line num="102" count="1" type="stmt"/>
      <line num="104" count="1" type="stmt"/>
    </file>
    <file name="15.ts" path="/Users/nhn/github/NT-FE-STUDY/04-tdd/src/chapter-1/15.ts">
      <metrics statements="34" coveredstatements="28" conditionals="10" coveredconditionals="5" methods="22" coveredmethods="17"/>
      <line num="6" count="1" type="stmt"/>
      <line num="7" count="4" type="stmt"/>
      <line num="10" count="0" type="stmt"/>
      <line num="16" count="3" type="stmt"/>
      <line num="17" count="3" type="stmt"/>
      <line num="21" count="1" type="stmt"/>
      <line num="22" count="4" type="stmt"/>
      <line num="25" count="4" type="stmt"/>
      <line num="29" count="0" type="stmt"/>
      <line num="30" count="0" type="cond" truecount="0" falsecount="2"/>
      <line num="34" count="0" type="stmt"/>
      <line num="38" count="1" type="stmt"/>
      <line num="39" count="6" type="stmt"/>
      <line num="42" count="2" type="stmt"/>
      <line num="46" count="9" type="cond" truecount="2" falsecount="0"/>
      <line num="47" count="7" type="stmt"/>
      <line num="50" count="2" type="stmt"/>
      <line num="52" count="2" type="cond" truecount="1" falsecount="1"/>
      <line num="61" count="5" type="stmt"/>
      <line num="65" count="1" type="stmt"/>
      <line num="66" count="45" type="stmt"/>
      <line num="69" count="21" type="stmt"/>
      <line num="73" count="7" type="stmt"/>
      <line num="77" count="4" type="stmt"/>
      <line num="81" count="4" type="cond" truecount="2" falsecount="0"/>
      <line num="85" count="16" type="stmt"/>
      <line num="89" count="0" type="stmt"/>
      <line num="94" count="3" type="stmt"/>
      <line num="98" count="8" type="stmt"/>
      <line num="99" count="8" type="stmt"/>
      <line num="103" count="1" type="stmt"/>
      <line num="105" count="0" type="stmt"/>
      <line num="109" count="1" type="stmt"/>
      <line num="111" count="1" type="stmt"/>
    </file>
  </project>
</coverage>
