{"/Users/nhn/github/NT-FE-STUDY/04-tdd/src/chapter-1/01.ts": {"path":"/Users/nhn/github/NT-FE-STUDY/04-tdd/src/chapter-1/01.ts","statementMap":{"0":{"start":{"line":2,"column":21},"end":{"line":2,"column":35}},"1":{"start":{"line":5,"column":4},"end":{"line":5,"column":30}},"2":{"start":{"line":1,"column":0},"end":{"line":1,"column":13}}},"fnMap":{"0":{"name":"(anonymous_0)","decl":{"start":{"line":2,"column":2},"end":{"line":2,"column":21}},"loc":{"start":{"line":2,"column":35},"end":{"line":2,"column":39}}},"1":{"name":"(anonymous_1)","decl":{"start":{"line":4,"column":2},"end":{"line":4,"column":7}},"loc":{"start":{"line":4,"column":26},"end":{"line":6,"column":3}}}},"branchMap":{},"s":{"0":1,"1":1,"2":1},"f":{"0":1,"1":1},"b":{}}
,"/Users/nhn/github/NT-FE-STUDY/04-tdd/src/chapter-1/02.ts": {"path":"/Users/nhn/github/NT-FE-STUDY/04-tdd/src/chapter-1/02.ts","statementMap":{"0":{"start":{"line":2,"column":21},"end":{"line":2,"column":35}},"1":{"start":{"line":5,"column":4},"end":{"line":5,"column":48}},"2":{"start":{"line":1,"column":0},"end":{"line":1,"column":13}}},"fnMap":{"0":{"name":"(anonymous_0)","decl":{"start":{"line":2,"column":2},"end":{"line":2,"column":21}},"loc":{"start":{"line":2,"column":35},"end":{"line":2,"column":39}}},"1":{"name":"(anonymous_1)","decl":{"start":{"line":4,"column":2},"end":{"line":4,"column":7}},"loc":{"start":{"line":4,"column":26},"end":{"line":6,"column":3}}}},"branchMap":{},"s":{"0":3,"1":2,"2":1},"f":{"0":3,"1":2},"b":{}}
,"/Users/nhn/github/NT-FE-STUDY/04-tdd/src/chapter-1/03.ts": {"path":"/Users/nhn/github/NT-FE-STUDY/04-tdd/src/chapter-1/03.ts","statementMap":{"0":{"start":{"line":2,"column":21},"end":{"line":2,"column":35}},"1":{"start":{"line":5,"column":4},"end":{"line":5,"column":48}},"2":{"start":{"line":9,"column":4},"end":{"line":9,"column":41}},"3":{"start":{"line":1,"column":0},"end":{"line":1,"column":13}}},"fnMap":{"0":{"name":"(anonymous_0)","decl":{"start":{"line":2,"column":2},"end":{"line":2,"column":21}},"loc":{"start":{"line":2,"column":35},"end":{"line":2,"column":39}}},"1":{"name":"(anonymous_1)","decl":{"start":{"line":4,"column":2},"end":{"line":4,"column":7}},"loc":{"start":{"line":4,"column":26},"end":{"line":6,"column":3}}},"2":{"name":"(anonymous_2)","decl":{"start":{"line":8,"column":2},"end":{"line":8,"column":8}},"loc":{"start":{"line":8,"column":23},"end":{"line":10,"column":3}}}},"branchMap":{},"s":{"0":4,"1":0,"2":2,"3":1},"f":{"0":4,"1":0,"2":2},"b":{}}
,"/Users/nhn/github/NT-FE-STUDY/04-tdd/src/chapter-1/04.ts": {"path":"/Users/nhn/github/NT-FE-STUDY/04-tdd/src/chapter-1/04.ts","statementMap":{"0":{"start":{"line":2,"column":22},"end":{"line":2,"column":36}},"1":{"start":{"line":5,"column":4},"end":{"line":5,"column":48}},"2":{"start":{"line":9,"column":4},"end":{"line":9,"column":41}},"3":{"start":{"line":1,"column":0},"end":{"line":1,"column":13}}},"fnMap":{"0":{"name":"(anonymous_0)","decl":{"start":{"line":2,"column":2},"end":{"line":2,"column":22}},"loc":{"start":{"line":2,"column":36},"end":{"line":2,"column":40}}},"1":{"name":"(anonymous_1)","decl":{"start":{"line":4,"column":2},"end":{"line":4,"column":7}},"loc":{"start":{"line":4,"column":26},"end":{"line":6,"column":3}}},"2":{"name":"(anonymous_2)","decl":{"start":{"line":8,"column":2},"end":{"line":8,"column":8}},"loc":{"start":{"line":8,"column":23},"end":{"line":10,"column":3}}}},"branchMap":{},"s":{"0":5,"1":2,"2":0,"3":1},"f":{"0":5,"1":2,"2":0},"b":{}}
,"/Users/nhn/github/NT-FE-STUDY/04-tdd/src/chapter-1/05.ts": {"path":"/Users/nhn/github/NT-FE-STUDY/04-tdd/src/chapter-1/05.ts","statementMap":{"0":{"start":{"line":2,"column":22},"end":{"line":2,"column":36}},"1":{"start":{"line":5,"column":4},"end":{"line":5,"column":47}},"2":{"start":{"line":9,"column":4},"end":{"line":9,"column":41}},"3":{"start":{"line":1,"column":0},"end":{"line":1,"column":13}}},"fnMap":{"0":{"name":"(anonymous_0)","decl":{"start":{"line":2,"column":2},"end":{"line":2,"column":22}},"loc":{"start":{"line":2,"column":36},"end":{"line":2,"column":40}}},"1":{"name":"(anonymous_1)","decl":{"start":{"line":4,"column":2},"end":{"line":4,"column":7}},"loc":{"start":{"line":4,"column":26},"end":{"line":6,"column":3}}},"2":{"name":"(anonymous_2)","decl":{"start":{"line":8,"column":2},"end":{"line":8,"column":8}},"loc":{"start":{"line":8,"column":22},"end":{"line":10,"column":3}}}},"branchMap":{},"s":{"0":5,"1":2,"2":0,"3":1},"f":{"0":5,"1":2,"2":0},"b":{}}
,"/Users/nhn/github/NT-FE-STUDY/04-tdd/src/chapter-1/06.ts": {"path":"/Users/nhn/github/NT-FE-STUDY/04-tdd/src/chapter-1/06.ts","statementMap":{"0":{"start":{"line":2,"column":2},"end":{"line":2,"column":58}},"1":{"start":{"line":6,"column":24},"end":{"line":6,"column":38}},"2":{"start":{"line":9,"column":4},"end":{"line":9,"column":86}},"3":{"start":{"line":5,"column":0},"end":{"line":5,"column":13}},"4":{"start":{"line":15,"column":4},"end":{"line":15,"column":48}},"5":{"start":{"line":13,"column":0},"end":{"line":13,"column":13}},"6":{"start":{"line":21,"column":4},"end":{"line":21,"column":47}},"7":{"start":{"line":19,"column":0},"end":{"line":19,"column":13}}},"fnMap":{"0":{"name":"getClassName","decl":{"start":{"line":1,"column":9},"end":{"line":1,"column":21}},"loc":{"start":{"line":1,"column":34},"end":{"line":3,"column":1}}},"1":{"name":"(anonymous_1)","decl":{"start":{"line":6,"column":2},"end":{"line":6,"column":24}},"loc":{"start":{"line":6,"column":38},"end":{"line":6,"column":42}}},"2":{"name":"(anonymous_2)","decl":{"start":{"line":8,"column":2},"end":{"line":8,"column":8}},"loc":{"start":{"line":8,"column":21},"end":{"line":10,"column":3}}},"3":{"name":"(anonymous_3)","decl":{"start":{"line":14,"column":2},"end":{"line":14,"column":7}},"loc":{"start":{"line":14,"column":26},"end":{"line":16,"column":3}}},"4":{"name":"(anonymous_4)","decl":{"start":{"line":20,"column":2},"end":{"line":20,"column":7}},"loc":{"start":{"line":20,"column":26},"end":{"line":22,"column":3}}}},"branchMap":{"0":{"loc":{"start":{"line":9,"column":11},"end":{"line":9,"column":39}},"type":"binary-expr","locations":[{"start":{"line":9,"column":11},"end":{"line":9,"column":39}},{"start":{"line":9,"column":43},"end":{"line":9,"column":85}}]}},"s":{"0":6,"1":10,"2":5,"3":1,"4":0,"5":1,"6":0,"7":1},"f":{"0":6,"1":10,"2":5,"3":0,"4":0},"b":{"0":[5,3]}}
,"/Users/nhn/github/NT-FE-STUDY/04-tdd/src/chapter-1/07.ts": {"path":"/Users/nhn/github/NT-FE-STUDY/04-tdd/src/chapter-1/07.ts","statementMap":{"0":{"start":{"line":2,"column":2},"end":{"line":2,"column":58}},"1":{"start":{"line":6,"column":24},"end":{"line":6,"column":38}},"2":{"start":{"line":11,"column":4},"end":{"line":11,"column":30}},"3":{"start":{"line":15,"column":4},"end":{"line":15,"column":29}},"4":{"start":{"line":19,"column":4},"end":{"line":19,"column":86}},"5":{"start":{"line":5,"column":0},"end":{"line":5,"column":22}},"6":{"start":{"line":25,"column":4},"end":{"line":25,"column":48}},"7":{"start":{"line":23,"column":0},"end":{"line":23,"column":13}},"8":{"start":{"line":31,"column":4},"end":{"line":31,"column":47}},"9":{"start":{"line":29,"column":0},"end":{"line":29,"column":13}}},"fnMap":{"0":{"name":"getClassName","decl":{"start":{"line":1,"column":9},"end":{"line":1,"column":21}},"loc":{"start":{"line":1,"column":34},"end":{"line":3,"column":1}}},"1":{"name":"(anonymous_1)","decl":{"start":{"line":6,"column":2},"end":{"line":6,"column":24}},"loc":{"start":{"line":6,"column":38},"end":{"line":6,"column":42}}},"2":{"name":"(anonymous_2)","decl":{"start":{"line":10,"column":2},"end":{"line":10,"column":8}},"loc":{"start":{"line":10,"column":30},"end":{"line":12,"column":3}}},"3":{"name":"(anonymous_3)","decl":{"start":{"line":14,"column":2},"end":{"line":14,"column":8}},"loc":{"start":{"line":14,"column":29},"end":{"line":16,"column":3}}},"4":{"name":"(anonymous_4)","decl":{"start":{"line":18,"column":2},"end":{"line":18,"column":8}},"loc":{"start":{"line":18,"column":21},"end":{"line":20,"column":3}}},"5":{"name":"(anonymous_5)","decl":{"start":{"line":24,"column":2},"end":{"line":24,"column":7}},"loc":{"start":{"line":24,"column":26},"end":{"line":26,"column":3}}},"6":{"name":"(anonymous_6)","decl":{"start":{"line":30,"column":2},"end":{"line":30,"column":7}},"loc":{"start":{"line":30,"column":26},"end":{"line":32,"column":3}}}},"branchMap":{"0":{"loc":{"start":{"line":19,"column":11},"end":{"line":19,"column":39}},"type":"binary-expr","locations":[{"start":{"line":19,"column":11},"end":{"line":19,"column":39}},{"start":{"line":19,"column":43},"end":{"line":19,"column":85}}]}},"s":{"0":6,"1":20,"2":6,"3":3,"4":5,"5":1,"6":2,"7":1,"8":2,"9":1},"f":{"0":6,"1":20,"2":6,"3":3,"4":5,"5":2,"6":2},"b":{"0":[5,3]}}
}
