{"/Users/nhn/github/NT-FE-STUDY/04-tdd/src/chapter-1/07.ts": {"path":"/Users/nhn/github/NT-FE-STUDY/04-tdd/src/chapter-1/07.ts","statementMap":{"0":{"start":{"line":2,"column":2},"end":{"line":2,"column":58}},"1":{"start":{"line":6,"column":24},"end":{"line":6,"column":38}},"2":{"start":{"line":11,"column":4},"end":{"line":11,"column":30}},"3":{"start":{"line":15,"column":4},"end":{"line":15,"column":29}},"4":{"start":{"line":19,"column":4},"end":{"line":19,"column":86}},"5":{"start":{"line":5,"column":0},"end":{"line":5,"column":22}},"6":{"start":{"line":25,"column":4},"end":{"line":25,"column":48}},"7":{"start":{"line":23,"column":0},"end":{"line":23,"column":13}},"8":{"start":{"line":31,"column":4},"end":{"line":31,"column":47}},"9":{"start":{"line":29,"column":0},"end":{"line":29,"column":13}}},"fnMap":{"0":{"name":"getClassName","decl":{"start":{"line":1,"column":9},"end":{"line":1,"column":21}},"loc":{"start":{"line":1,"column":34},"end":{"line":3,"column":1}}},"1":{"name":"(anonymous_1)","decl":{"start":{"line":6,"column":2},"end":{"line":6,"column":24}},"loc":{"start":{"line":6,"column":38},"end":{"line":6,"column":42}}},"2":{"name":"(anonymous_2)","decl":{"start":{"line":10,"column":2},"end":{"line":10,"column":8}},"loc":{"start":{"line":10,"column":30},"end":{"line":12,"column":3}}},"3":{"name":"(anonymous_3)","decl":{"start":{"line":14,"column":2},"end":{"line":14,"column":8}},"loc":{"start":{"line":14,"column":29},"end":{"line":16,"column":3}}},"4":{"name":"(anonymous_4)","decl":{"start":{"line":18,"column":2},"end":{"line":18,"column":8}},"loc":{"start":{"line":18,"column":21},"end":{"line":20,"column":3}}},"5":{"name":"(anonymous_5)","decl":{"start":{"line":24,"column":2},"end":{"line":24,"column":7}},"loc":{"start":{"line":24,"column":26},"end":{"line":26,"column":3}}},"6":{"name":"(anonymous_6)","decl":{"start":{"line":30,"column":2},"end":{"line":30,"column":7}},"loc":{"start":{"line":30,"column":26},"end":{"line":32,"column":3}}}},"branchMap":{"0":{"loc":{"start":{"line":19,"column":11},"end":{"line":19,"column":39}},"type":"binary-expr","locations":[{"start":{"line":19,"column":11},"end":{"line":19,"column":39}},{"start":{"line":19,"column":43},"end":{"line":19,"column":85}}]}},"s":{"0":6,"1":20,"2":6,"3":3,"4":5,"5":1,"6":2,"7":1,"8":2,"9":1},"f":{"0":6,"1":20,"2":6,"3":3,"4":5,"5":2,"6":2},"b":{"0":[5,3]}}
,"/Users/nhn/github/NT-FE-STUDY/04-tdd/src/chapter-1/08.ts": {"path":"/Users/nhn/github/NT-FE-STUDY/04-tdd/src/chapter-1/08.ts","statementMap":{"0":{"start":{"line":2,"column":2},"end":{"line":2,"column":58}},"1":{"start":{"line":6,"column":24},"end":{"line":6,"column":38}},"2":{"start":{"line":11,"column":4},"end":{"line":11,"column":30}},"3":{"start":{"line":15,"column":4},"end":{"line":15,"column":29}},"4":{"start":{"line":19,"column":4},"end":{"line":19,"column":100}},"5":{"start":{"line":5,"column":0},"end":{"line":5,"column":22}},"6":{"start":{"line":25,"column":4},"end":{"line":25,"column":48}},"7":{"start":{"line":23,"column":0},"end":{"line":23,"column":13}},"8":{"start":{"line":31,"column":4},"end":{"line":31,"column":47}},"9":{"start":{"line":29,"column":0},"end":{"line":29,"column":13}}},"fnMap":{"0":{"name":"getClassName","decl":{"start":{"line":1,"column":9},"end":{"line":1,"column":21}},"loc":{"start":{"line":1,"column":44},"end":{"line":3,"column":1}}},"1":{"name":"(anonymous_1)","decl":{"start":{"line":6,"column":2},"end":{"line":6,"column":24}},"loc":{"start":{"line":6,"column":38},"end":{"line":6,"column":42}}},"2":{"name":"(anonymous_2)","decl":{"start":{"line":10,"column":2},"end":{"line":10,"column":8}},"loc":{"start":{"line":10,"column":30},"end":{"line":12,"column":3}}},"3":{"name":"(anonymous_3)","decl":{"start":{"line":14,"column":2},"end":{"line":14,"column":8}},"loc":{"start":{"line":14,"column":29},"end":{"line":16,"column":3}}},"4":{"name":"(anonymous_4)","decl":{"start":{"line":18,"column":2},"end":{"line":18,"column":8}},"loc":{"start":{"line":18,"column":21},"end":{"line":20,"column":3}}},"5":{"name":"(anonymous_5)","decl":{"start":{"line":24,"column":2},"end":{"line":24,"column":7}},"loc":{"start":{"line":24,"column":26},"end":{"line":26,"column":3}}},"6":{"name":"(anonymous_6)","decl":{"start":{"line":30,"column":2},"end":{"line":30,"column":7}},"loc":{"start":{"line":30,"column":26},"end":{"line":32,"column":3}}}},"branchMap":{"0":{"loc":{"start":{"line":19,"column":11},"end":{"line":19,"column":39}},"type":"binary-expr","locations":[{"start":{"line":19,"column":11},"end":{"line":19,"column":39}},{"start":{"line":19,"column":43},"end":{"line":19,"column":99}}]}},"s":{"0":6,"1":20,"2":8,"3":3,"4":5,"5":1,"6":2,"7":1,"8":2,"9":1},"f":{"0":6,"1":20,"2":8,"3":3,"4":5,"5":2,"6":2},"b":{"0":[5,3]}}
,"/Users/nhn/github/NT-FE-STUDY/04-tdd/src/chapter-1/09.ts": {"path":"/Users/nhn/github/NT-FE-STUDY/04-tdd/src/chapter-1/09.ts","statementMap":{"0":{"start":{"line":2,"column":2},"end":{"line":2,"column":58}},"1":{"start":{"line":6,"column":24},"end":{"line":6,"column":38}},"2":{"start":{"line":6,"column":50},"end":{"line":6,"column":67}},"3":{"start":{"line":11,"column":4},"end":{"line":11,"column":30}},"4":{"start":{"line":15,"column":4},"end":{"line":15,"column":29}},"5":{"start":{"line":19,"column":4},"end":{"line":19,"column":100}},"6":{"start":{"line":23,"column":4},"end":{"line":23,"column":26}},"7":{"start":{"line":5,"column":0},"end":{"line":5,"column":22}},"8":{"start":{"line":29,"column":4},"end":{"line":29,"column":29}},"9":{"start":{"line":33,"column":4},"end":{"line":33,"column":50}},"10":{"start":{"line":27,"column":0},"end":{"line":27,"column":13}},"11":{"start":{"line":39,"column":4},"end":{"line":39,"column":29}},"12":{"start":{"line":43,"column":4},"end":{"line":43,"column":49}},"13":{"start":{"line":37,"column":0},"end":{"line":37,"column":13}}},"fnMap":{"0":{"name":"getClassName","decl":{"start":{"line":1,"column":9},"end":{"line":1,"column":21}},"loc":{"start":{"line":1,"column":44},"end":{"line":3,"column":1}}},"1":{"name":"(anonymous_1)","decl":{"start":{"line":6,"column":2},"end":{"line":6,"column":24}},"loc":{"start":{"line":6,"column":67},"end":{"line":6,"column":71}}},"2":{"name":"(anonymous_2)","decl":{"start":{"line":10,"column":2},"end":{"line":10,"column":8}},"loc":{"start":{"line":10,"column":30},"end":{"line":12,"column":3}}},"3":{"name":"(anonymous_3)","decl":{"start":{"line":14,"column":2},"end":{"line":14,"column":8}},"loc":{"start":{"line":14,"column":29},"end":{"line":16,"column":3}}},"4":{"name":"(anonymous_4)","decl":{"start":{"line":18,"column":2},"end":{"line":18,"column":8}},"loc":{"start":{"line":18,"column":21},"end":{"line":20,"column":3}}},"5":{"name":"(anonymous_5)","decl":{"start":{"line":22,"column":2},"end":{"line":22,"column":10}},"loc":{"start":{"line":22,"column":10},"end":{"line":24,"column":3}}},"6":{"name":"(anonymous_6)","decl":{"start":{"line":28,"column":2},"end":{"line":28,"column":14}},"loc":{"start":{"line":28,"column":55},"end":{"line":30,"column":3}}},"7":{"name":"(anonymous_7)","decl":{"start":{"line":32,"column":2},"end":{"line":32,"column":7}},"loc":{"start":{"line":32,"column":26},"end":{"line":34,"column":3}}},"8":{"name":"(anonymous_8)","decl":{"start":{"line":38,"column":2},"end":{"line":38,"column":14}},"loc":{"start":{"line":38,"column":55},"end":{"line":40,"column":3}}},"9":{"name":"(anonymous_9)","decl":{"start":{"line":42,"column":2},"end":{"line":42,"column":7}},"loc":{"start":{"line":42,"column":26},"end":{"line":44,"column":3}}}},"branchMap":{"0":{"loc":{"start":{"line":19,"column":11},"end":{"line":19,"column":39}},"type":"binary-expr","locations":[{"start":{"line":19,"column":11},"end":{"line":19,"column":39}},{"start":{"line":19,"column":43},"end":{"line":19,"column":99}}]},"1":{"loc":{"start":{"line":28,"column":50},"end":{"line":28,"column":55}},"type":"default-arg","locations":[{"start":{"line":28,"column":50},"end":{"line":28,"column":55}}]},"2":{"loc":{"start":{"line":38,"column":50},"end":{"line":38,"column":55}},"type":"default-arg","locations":[{"start":{"line":38,"column":50},"end":{"line":38,"column":55}}]}},"s":{"0":6,"1":22,"2":22,"3":11,"4":6,"5":5,"6":2,"7":1,"8":11,"9":2,"10":1,"11":11,"12":2,"13":1},"f":{"0":6,"1":22,"2":11,"3":6,"4":5,"5":2,"6":11,"7":2,"8":11,"9":2},"b":{"0":[5,3],"1":[11],"2":[11]}}
,"/Users/nhn/github/NT-FE-STUDY/04-tdd/src/chapter-1/10.ts": {"path":"/Users/nhn/github/NT-FE-STUDY/04-tdd/src/chapter-1/10.ts","statementMap":{"0":{"start":{"line":2,"column":24},"end":{"line":2,"column":38}},"1":{"start":{"line":2,"column":50},"end":{"line":2,"column":67}},"2":{"start":{"line":5,"column":4},"end":{"line":5,"column":30}},"3":{"start":{"line":9,"column":4},"end":{"line":9,"column":29}},"4":{"start":{"line":13,"column":4},"end":{"line":13,"column":63}},"5":{"start":{"line":17,"column":4},"end":{"line":17,"column":80}},"6":{"start":{"line":21,"column":4},"end":{"line":21,"column":26}},"7":{"start":{"line":25,"column":4},"end":{"line":25,"column":47}},"8":{"start":{"line":1,"column":0},"end":{"line":1,"column":13}},"9":{"start":{"line":31,"column":4},"end":{"line":31,"column":29}},"10":{"start":{"line":29,"column":0},"end":{"line":29,"column":13}},"11":{"start":{"line":37,"column":4},"end":{"line":37,"column":29}},"12":{"start":{"line":35,"column":0},"end":{"line":35,"column":13}}},"fnMap":{"0":{"name":"(anonymous_0)","decl":{"start":{"line":2,"column":2},"end":{"line":2,"column":24}},"loc":{"start":{"line":2,"column":67},"end":{"line":2,"column":71}}},"1":{"name":"(anonymous_1)","decl":{"start":{"line":4,"column":2},"end":{"line":4,"column":8}},"loc":{"start":{"line":4,"column":30},"end":{"line":6,"column":3}}},"2":{"name":"(anonymous_2)","decl":{"start":{"line":8,"column":2},"end":{"line":8,"column":8}},"loc":{"start":{"line":8,"column":29},"end":{"line":10,"column":3}}},"3":{"name":"(anonymous_3)","decl":{"start":{"line":12,"column":2},"end":{"line":12,"column":7}},"loc":{"start":{"line":12,"column":26},"end":{"line":14,"column":3}}},"4":{"name":"(anonymous_4)","decl":{"start":{"line":16,"column":2},"end":{"line":16,"column":8}},"loc":{"start":{"line":16,"column":21},"end":{"line":18,"column":3}}},"5":{"name":"(anonymous_5)","decl":{"start":{"line":20,"column":2},"end":{"line":20,"column":10}},"loc":{"start":{"line":20,"column":10},"end":{"line":22,"column":3}}},"6":{"name":"(anonymous_6)","decl":{"start":{"line":24,"column":2},"end":{"line":24,"column":10}},"loc":{"start":{"line":24,"column":10},"end":{"line":26,"column":3}}},"7":{"name":"(anonymous_7)","decl":{"start":{"line":30,"column":2},"end":{"line":30,"column":14}},"loc":{"start":{"line":30,"column":55},"end":{"line":32,"column":3}}},"8":{"name":"(anonymous_8)","decl":{"start":{"line":36,"column":2},"end":{"line":36,"column":14}},"loc":{"start":{"line":36,"column":55},"end":{"line":38,"column":3}}}},"branchMap":{"0":{"loc":{"start":{"line":17,"column":11},"end":{"line":17,"column":39}},"type":"binary-expr","locations":[{"start":{"line":17,"column":11},"end":{"line":17,"column":39}},{"start":{"line":17,"column":43},"end":{"line":17,"column":79}}]},"1":{"loc":{"start":{"line":30,"column":50},"end":{"line":30,"column":55}},"type":"default-arg","locations":[{"start":{"line":30,"column":50},"end":{"line":30,"column":55}}]},"2":{"loc":{"start":{"line":36,"column":50},"end":{"line":36,"column":55}},"type":"default-arg","locations":[{"start":{"line":36,"column":50},"end":{"line":36,"column":55}}]}},"s":{"0":24,"1":24,"2":9,"3":4,"4":4,"5":6,"6":10,"7":0,"8":1,"9":9,"10":1,"11":10,"12":1},"f":{"0":24,"1":9,"2":4,"3":4,"4":6,"5":10,"6":0,"7":9,"8":10},"b":{"0":[6,4],"1":[9],"2":[9]}}
,"/Users/nhn/github/NT-FE-STUDY/04-tdd/src/chapter-1/11.ts": {"path":"/Users/nhn/github/NT-FE-STUDY/04-tdd/src/chapter-1/11.ts","statementMap":{"0":{"start":{"line":2,"column":24},"end":{"line":2,"column":38}},"1":{"start":{"line":2,"column":50},"end":{"line":2,"column":67}},"2":{"start":{"line":5,"column":4},"end":{"line":5,"column":36}},"3":{"start":{"line":9,"column":4},"end":{"line":9,"column":36}},"4":{"start":{"line":13,"column":4},"end":{"line":13,"column":63}},"5":{"start":{"line":17,"column":4},"end":{"line":17,"column":80}},"6":{"start":{"line":21,"column":4},"end":{"line":21,"column":26}},"7":{"start":{"line":25,"column":4},"end":{"line":25,"column":47}},"8":{"start":{"line":1,"column":0},"end":{"line":1,"column":13}},"9":{"start":{"line":31,"column":4},"end":{"line":31,"column":29}},"10":{"start":{"line":29,"column":0},"end":{"line":29,"column":13}},"11":{"start":{"line":37,"column":4},"end":{"line":37,"column":29}},"12":{"start":{"line":35,"column":0},"end":{"line":35,"column":13}}},"fnMap":{"0":{"name":"(anonymous_0)","decl":{"start":{"line":2,"column":2},"end":{"line":2,"column":24}},"loc":{"start":{"line":2,"column":67},"end":{"line":2,"column":71}}},"1":{"name":"(anonymous_1)","decl":{"start":{"line":4,"column":2},"end":{"line":4,"column":8}},"loc":{"start":{"line":4,"column":30},"end":{"line":6,"column":3}}},"2":{"name":"(anonymous_2)","decl":{"start":{"line":8,"column":2},"end":{"line":8,"column":8}},"loc":{"start":{"line":8,"column":29},"end":{"line":10,"column":3}}},"3":{"name":"(anonymous_3)","decl":{"start":{"line":12,"column":2},"end":{"line":12,"column":7}},"loc":{"start":{"line":12,"column":26},"end":{"line":14,"column":3}}},"4":{"name":"(anonymous_4)","decl":{"start":{"line":16,"column":2},"end":{"line":16,"column":8}},"loc":{"start":{"line":16,"column":21},"end":{"line":18,"column":3}}},"5":{"name":"(anonymous_5)","decl":{"start":{"line":20,"column":2},"end":{"line":20,"column":10}},"loc":{"start":{"line":20,"column":10},"end":{"line":22,"column":3}}},"6":{"name":"(anonymous_6)","decl":{"start":{"line":24,"column":2},"end":{"line":24,"column":10}},"loc":{"start":{"line":24,"column":10},"end":{"line":26,"column":3}}},"7":{"name":"(anonymous_7)","decl":{"start":{"line":30,"column":2},"end":{"line":30,"column":14}},"loc":{"start":{"line":30,"column":55},"end":{"line":32,"column":3}}},"8":{"name":"(anonymous_8)","decl":{"start":{"line":36,"column":2},"end":{"line":36,"column":14}},"loc":{"start":{"line":36,"column":55},"end":{"line":38,"column":3}}}},"branchMap":{"0":{"loc":{"start":{"line":17,"column":11},"end":{"line":17,"column":39}},"type":"binary-expr","locations":[{"start":{"line":17,"column":11},"end":{"line":17,"column":39}},{"start":{"line":17,"column":43},"end":{"line":17,"column":79}}]},"1":{"loc":{"start":{"line":30,"column":50},"end":{"line":30,"column":55}},"type":"default-arg","locations":[{"start":{"line":30,"column":50},"end":{"line":30,"column":55}}]},"2":{"loc":{"start":{"line":36,"column":50},"end":{"line":36,"column":55}},"type":"default-arg","locations":[{"start":{"line":36,"column":50},"end":{"line":36,"column":55}}]}},"s":{"0":20,"1":20,"2":9,"3":5,"4":4,"5":4,"6":8,"7":0,"8":1,"9":0,"10":1,"11":1,"12":1},"f":{"0":20,"1":9,"2":5,"3":4,"4":4,"5":8,"6":0,"7":0,"8":1},"b":{"0":[4,3],"1":[0],"2":[0]}}
,"/Users/nhn/github/NT-FE-STUDY/04-tdd/src/chapter-1/12.ts": {"path":"/Users/nhn/github/NT-FE-STUDY/04-tdd/src/chapter-1/12.ts","statementMap":{"0":{"start":{"line":7,"column":4},"end":{"line":7,"column":28}},"1":{"start":{"line":5,"column":0},"end":{"line":5,"column":13}},"2":{"start":{"line":12,"column":24},"end":{"line":12,"column":38}},"3":{"start":{"line":12,"column":50},"end":{"line":12,"column":67}},"4":{"start":{"line":15,"column":4},"end":{"line":15,"column":36}},"5":{"start":{"line":19,"column":4},"end":{"line":19,"column":36}},"6":{"start":{"line":23,"column":4},"end":{"line":23,"column":63}},"7":{"start":{"line":27,"column":4},"end":{"line":27,"column":80}},"8":{"start":{"line":31,"column":4},"end":{"line":31,"column":26}},"9":{"start":{"line":35,"column":4},"end":{"line":35,"column":47}},"10":{"start":{"line":39,"column":4},"end":{"line":39,"column":66}},"11":{"start":{"line":11,"column":0},"end":{"line":11,"column":13}},"12":{"start":{"line":45,"column":4},"end":{"line":45,"column":29}},"13":{"start":{"line":43,"column":0},"end":{"line":43,"column":13}},"14":{"start":{"line":51,"column":4},"end":{"line":51,"column":29}},"15":{"start":{"line":49,"column":0},"end":{"line":49,"column":13}}},"fnMap":{"0":{"name":"(anonymous_0)","decl":{"start":{"line":6,"column":2},"end":{"line":6,"column":8}},"loc":{"start":{"line":6,"column":39},"end":{"line":8,"column":3}}},"1":{"name":"(anonymous_1)","decl":{"start":{"line":12,"column":2},"end":{"line":12,"column":24}},"loc":{"start":{"line":12,"column":67},"end":{"line":12,"column":71}}},"2":{"name":"(anonymous_2)","decl":{"start":{"line":14,"column":2},"end":{"line":14,"column":8}},"loc":{"start":{"line":14,"column":30},"end":{"line":16,"column":3}}},"3":{"name":"(anonymous_3)","decl":{"start":{"line":18,"column":2},"end":{"line":18,"column":8}},"loc":{"start":{"line":18,"column":29},"end":{"line":20,"column":3}}},"4":{"name":"(anonymous_4)","decl":{"start":{"line":22,"column":2},"end":{"line":22,"column":7}},"loc":{"start":{"line":22,"column":26},"end":{"line":24,"column":3}}},"5":{"name":"(anonymous_5)","decl":{"start":{"line":26,"column":2},"end":{"line":26,"column":8}},"loc":{"start":{"line":26,"column":21},"end":{"line":28,"column":3}}},"6":{"name":"(anonymous_6)","decl":{"start":{"line":30,"column":2},"end":{"line":30,"column":10}},"loc":{"start":{"line":30,"column":10},"end":{"line":32,"column":3}}},"7":{"name":"(anonymous_7)","decl":{"start":{"line":34,"column":2},"end":{"line":34,"column":10}},"loc":{"start":{"line":34,"column":10},"end":{"line":36,"column":3}}},"8":{"name":"(anonymous_8)","decl":{"start":{"line":38,"column":2},"end":{"line":38,"column":6}},"loc":{"start":{"line":38,"column":20},"end":{"line":40,"column":3}}},"9":{"name":"(anonymous_9)","decl":{"start":{"line":44,"column":2},"end":{"line":44,"column":14}},"loc":{"start":{"line":44,"column":55},"end":{"line":46,"column":3}}},"10":{"name":"(anonymous_10)","decl":{"start":{"line":50,"column":2},"end":{"line":50,"column":14}},"loc":{"start":{"line":50,"column":55},"end":{"line":52,"column":3}}}},"branchMap":{"0":{"loc":{"start":{"line":27,"column":11},"end":{"line":27,"column":39}},"type":"binary-expr","locations":[{"start":{"line":27,"column":11},"end":{"line":27,"column":39}},{"start":{"line":27,"column":43},"end":{"line":27,"column":79}}]},"1":{"loc":{"start":{"line":44,"column":50},"end":{"line":44,"column":55}},"type":"default-arg","locations":[{"start":{"line":44,"column":50},"end":{"line":44,"column":55}}]},"2":{"loc":{"start":{"line":50,"column":50},"end":{"line":50,"column":55}},"type":"default-arg","locations":[{"start":{"line":50,"column":50},"end":{"line":50,"column":55}}]}},"s":{"0":1,"1":1,"2":26,"3":26,"4":14,"5":5,"6":4,"7":4,"8":8,"9":0,"10":1,"11":1,"12":0,"13":1,"14":1,"15":1},"f":{"0":1,"1":26,"2":14,"3":5,"4":4,"5":4,"6":8,"7":0,"8":1,"9":0,"10":1},"b":{"0":[4,3],"1":[0],"2":[0]}}
,"/Users/nhn/github/NT-FE-STUDY/04-tdd/src/chapter-1/13.ts": {"path":"/Users/nhn/github/NT-FE-STUDY/04-tdd/src/chapter-1/13.ts","statementMap":{"0":{"start":{"line":6,"column":21},"end":{"line":6,"column":34}},"1":{"start":{"line":6,"column":43},"end":{"line":6,"column":56}},"2":{"start":{"line":9,"column":19},"end":{"line":9,"column":58}},"3":{"start":{"line":10,"column":4},"end":{"line":10,"column":33}},"4":{"start":{"line":5,"column":0},"end":{"line":5,"column":13}},"5":{"start":{"line":20,"column":4},"end":{"line":20,"column":29}},"6":{"start":{"line":14,"column":0},"end":{"line":14,"column":13}},"7":{"start":{"line":25,"column":21},"end":{"line":25,"column":35}},"8":{"start":{"line":25,"column":47},"end":{"line":25,"column":64}},"9":{"start":{"line":28,"column":4},"end":{"line":28,"column":36}},"10":{"start":{"line":32,"column":4},"end":{"line":32,"column":36}},"11":{"start":{"line":36,"column":4},"end":{"line":36,"column":63}},"12":{"start":{"line":40,"column":4},"end":{"line":40,"column":80}},"13":{"start":{"line":44,"column":4},"end":{"line":44,"column":26}},"14":{"start":{"line":48,"column":4},"end":{"line":48,"column":47}},"15":{"start":{"line":53,"column":4},"end":{"line":53,"column":33}},"16":{"start":{"line":57,"column":4},"end":{"line":57,"column":16}},"17":{"start":{"line":24,"column":0},"end":{"line":24,"column":13}},"18":{"start":{"line":63,"column":4},"end":{"line":63,"column":29}},"19":{"start":{"line":61,"column":0},"end":{"line":61,"column":13}},"20":{"start":{"line":69,"column":4},"end":{"line":69,"column":29}},"21":{"start":{"line":67,"column":0},"end":{"line":67,"column":13}}},"fnMap":{"0":{"name":"(anonymous_0)","decl":{"start":{"line":6,"column":2},"end":{"line":6,"column":21}},"loc":{"start":{"line":6,"column":56},"end":{"line":6,"column":60}}},"1":{"name":"(anonymous_1)","decl":{"start":{"line":8,"column":2},"end":{"line":8,"column":8}},"loc":{"start":{"line":8,"column":19},"end":{"line":11,"column":3}}},"2":{"name":"(anonymous_2)","decl":{"start":{"line":15,"column":2},"end":{"line":15,"column":8}},"loc":{"start":{"line":15,"column":39},"end":{"line":21,"column":3}}},"3":{"name":"(anonymous_3)","decl":{"start":{"line":25,"column":2},"end":{"line":25,"column":21}},"loc":{"start":{"line":25,"column":64},"end":{"line":25,"column":68}}},"4":{"name":"(anonymous_4)","decl":{"start":{"line":27,"column":2},"end":{"line":27,"column":8}},"loc":{"start":{"line":27,"column":30},"end":{"line":29,"column":3}}},"5":{"name":"(anonymous_5)","decl":{"start":{"line":31,"column":2},"end":{"line":31,"column":8}},"loc":{"start":{"line":31,"column":29},"end":{"line":33,"column":3}}},"6":{"name":"(anonymous_6)","decl":{"start":{"line":35,"column":2},"end":{"line":35,"column":7}},"loc":{"start":{"line":35,"column":26},"end":{"line":37,"column":3}}},"7":{"name":"(anonymous_7)","decl":{"start":{"line":39,"column":2},"end":{"line":39,"column":8}},"loc":{"start":{"line":39,"column":21},"end":{"line":41,"column":3}}},"8":{"name":"(anonymous_8)","decl":{"start":{"line":43,"column":2},"end":{"line":43,"column":10}},"loc":{"start":{"line":43,"column":10},"end":{"line":45,"column":3}}},"9":{"name":"(anonymous_9)","decl":{"start":{"line":47,"column":2},"end":{"line":47,"column":10}},"loc":{"start":{"line":47,"column":10},"end":{"line":49,"column":3}}},"10":{"name":"(anonymous_10)","decl":{"start":{"line":51,"column":2},"end":{"line":51,"column":6}},"loc":{"start":{"line":51,"column":20},"end":{"line":54,"column":3}}},"11":{"name":"(anonymous_11)","decl":{"start":{"line":56,"column":2},"end":{"line":56,"column":8}},"loc":{"start":{"line":56,"column":19},"end":{"line":58,"column":3}}},"12":{"name":"(anonymous_12)","decl":{"start":{"line":62,"column":2},"end":{"line":62,"column":14}},"loc":{"start":{"line":62,"column":55},"end":{"line":64,"column":3}}},"13":{"name":"(anonymous_13)","decl":{"start":{"line":68,"column":2},"end":{"line":68,"column":14}},"loc":{"start":{"line":68,"column":55},"end":{"line":70,"column":3}}}},"branchMap":{"0":{"loc":{"start":{"line":40,"column":11},"end":{"line":40,"column":39}},"type":"binary-expr","locations":[{"start":{"line":40,"column":11},"end":{"line":40,"column":39}},{"start":{"line":40,"column":43},"end":{"line":40,"column":79}}]},"1":{"loc":{"start":{"line":62,"column":50},"end":{"line":62,"column":55}},"type":"default-arg","locations":[{"start":{"line":62,"column":50},"end":{"line":62,"column":55}}]},"2":{"loc":{"start":{"line":68,"column":50},"end":{"line":68,"column":55}},"type":"default-arg","locations":[{"start":{"line":68,"column":50},"end":{"line":68,"column":55}}]}},"s":{"0":3,"1":3,"2":2,"3":2,"4":1,"5":3,"6":1,"7":31,"8":31,"9":18,"10":5,"11":4,"12":4,"13":8,"14":0,"15":2,"16":1,"17":1,"18":0,"19":1,"20":1,"21":1},"f":{"0":3,"1":2,"2":3,"3":31,"4":18,"5":5,"6":4,"7":4,"8":8,"9":0,"10":2,"11":1,"12":0,"13":1},"b":{"0":[4,3],"1":[0],"2":[0]}}
,"/Users/nhn/github/NT-FE-STUDY/04-tdd/src/chapter-1/14.ts": {"path":"/Users/nhn/github/NT-FE-STUDY/04-tdd/src/chapter-1/14.ts","statementMap":{"0":{"start":{"line":6,"column":21},"end":{"line":6,"column":34}},"1":{"start":{"line":6,"column":43},"end":{"line":6,"column":56}},"2":{"start":{"line":9,"column":19},"end":{"line":9,"column":58}},"3":{"start":{"line":10,"column":4},"end":{"line":10,"column":33}},"4":{"start":{"line":5,"column":0},"end":{"line":5,"column":13}},"5":{"start":{"line":15,"column":22},"end":{"line":15,"column":34}},"6":{"start":{"line":15,"column":44},"end":{"line":15,"column":54}},"7":{"start":{"line":18,"column":4},"end":{"line":18,"column":37}},"8":{"start":{"line":22,"column":17},"end":{"line":22,"column":31}},"9":{"start":{"line":23,"column":4},"end":{"line":23,"column":58}},"10":{"start":{"line":27,"column":4},"end":{"line":27,"column":13}},"11":{"start":{"line":14,"column":0},"end":{"line":14,"column":13}},"12":{"start":{"line":32,"column":10},"end":{"line":32,"column":44}},"13":{"start":{"line":35,"column":4},"end":{"line":35,"column":51}},"14":{"start":{"line":39,"column":4},"end":{"line":41,"column":null}},"15":{"start":{"line":40,"column":6},"end":{"line":40,"column":15}},"16":{"start":{"line":43,"column":17},"end":{"line":43,"column":57}},"17":{"start":{"line":45,"column":4},"end":{"line":45,"column":21}},"18":{"start":{"line":54,"column":4},"end":{"line":54,"column":35}},"19":{"start":{"line":31,"column":0},"end":{"line":31,"column":13}},"20":{"start":{"line":59,"column":21},"end":{"line":59,"column":35}},"21":{"start":{"line":59,"column":47},"end":{"line":59,"column":64}},"22":{"start":{"line":62,"column":4},"end":{"line":62,"column":36}},"23":{"start":{"line":66,"column":4},"end":{"line":66,"column":36}},"24":{"start":{"line":70,"column":4},"end":{"line":70,"column":63}},"25":{"start":{"line":74,"column":4},"end":{"line":74,"column":80}},"26":{"start":{"line":78,"column":4},"end":{"line":78,"column":26}},"27":{"start":{"line":82,"column":4},"end":{"line":82,"column":47}},"28":{"start":{"line":87,"column":4},"end":{"line":87,"column":33}},"29":{"start":{"line":91,"column":17},"end":{"line":91,"column":47}},"30":{"start":{"line":92,"column":4},"end":{"line":92,"column":45}},"31":{"start":{"line":58,"column":0},"end":{"line":58,"column":13}},"32":{"start":{"line":98,"column":4},"end":{"line":98,"column":29}},"33":{"start":{"line":96,"column":0},"end":{"line":96,"column":13}},"34":{"start":{"line":104,"column":4},"end":{"line":104,"column":29}},"35":{"start":{"line":102,"column":0},"end":{"line":102,"column":13}}},"fnMap":{"0":{"name":"(anonymous_0)","decl":{"start":{"line":6,"column":2},"end":{"line":6,"column":21}},"loc":{"start":{"line":6,"column":56},"end":{"line":6,"column":60}}},"1":{"name":"(anonymous_1)","decl":{"start":{"line":8,"column":2},"end":{"line":8,"column":8}},"loc":{"start":{"line":8,"column":31},"end":{"line":11,"column":3}}},"2":{"name":"(anonymous_2)","decl":{"start":{"line":15,"column":2},"end":{"line":15,"column":22}},"loc":{"start":{"line":15,"column":54},"end":{"line":15,"column":58}}},"3":{"name":"(anonymous_3)","decl":{"start":{"line":17,"column":2},"end":{"line":17,"column":5}},"loc":{"start":{"line":17,"column":5},"end":{"line":19,"column":3}}},"4":{"name":"(anonymous_4)","decl":{"start":{"line":21,"column":2},"end":{"line":21,"column":8}},"loc":{"start":{"line":21,"column":23},"end":{"line":24,"column":3}}},"5":{"name":"(anonymous_5)","decl":{"start":{"line":26,"column":2},"end":{"line":26,"column":10}},"loc":{"start":{"line":26,"column":10},"end":{"line":28,"column":3}}},"6":{"name":"(anonymous_6)","decl":{"start":{"line":31,"column":0},"end":{"line":31,"column":13}},"loc":{"start":{"line":31,"column":0},"end":{"line":56,"column":1}}},"7":{"name":"(anonymous_7)","decl":{"start":{"line":34,"column":2},"end":{"line":34,"column":9}},"loc":{"start":{"line":34,"column":48},"end":{"line":36,"column":3}}},"8":{"name":"(anonymous_8)","decl":{"start":{"line":38,"column":2},"end":{"line":38,"column":6}},"loc":{"start":{"line":38,"column":31},"end":{"line":47,"column":3}}},"9":{"name":"(anonymous_9)","decl":{"start":{"line":49,"column":2},"end":{"line":49,"column":8}},"loc":{"start":{"line":49,"column":39},"end":{"line":55,"column":3}}},"10":{"name":"(anonymous_10)","decl":{"start":{"line":59,"column":2},"end":{"line":59,"column":21}},"loc":{"start":{"line":59,"column":64},"end":{"line":59,"column":68}}},"11":{"name":"(anonymous_11)","decl":{"start":{"line":61,"column":2},"end":{"line":61,"column":8}},"loc":{"start":{"line":61,"column":30},"end":{"line":63,"column":3}}},"12":{"name":"(anonymous_12)","decl":{"start":{"line":65,"column":2},"end":{"line":65,"column":8}},"loc":{"start":{"line":65,"column":29},"end":{"line":67,"column":3}}},"13":{"name":"(anonymous_13)","decl":{"start":{"line":69,"column":2},"end":{"line":69,"column":7}},"loc":{"start":{"line":69,"column":26},"end":{"line":71,"column":3}}},"14":{"name":"(anonymous_14)","decl":{"start":{"line":73,"column":2},"end":{"line":73,"column":8}},"loc":{"start":{"line":73,"column":21},"end":{"line":75,"column":3}}},"15":{"name":"(anonymous_15)","decl":{"start":{"line":77,"column":2},"end":{"line":77,"column":10}},"loc":{"start":{"line":77,"column":10},"end":{"line":79,"column":3}}},"16":{"name":"(anonymous_16)","decl":{"start":{"line":81,"column":2},"end":{"line":81,"column":10}},"loc":{"start":{"line":81,"column":10},"end":{"line":83,"column":3}}},"17":{"name":"(anonymous_17)","decl":{"start":{"line":85,"column":2},"end":{"line":85,"column":6}},"loc":{"start":{"line":85,"column":20},"end":{"line":88,"column":3}}},"18":{"name":"(anonymous_18)","decl":{"start":{"line":90,"column":2},"end":{"line":90,"column":8}},"loc":{"start":{"line":90,"column":31},"end":{"line":93,"column":3}}},"19":{"name":"(anonymous_19)","decl":{"start":{"line":97,"column":2},"end":{"line":97,"column":14}},"loc":{"start":{"line":97,"column":55},"end":{"line":99,"column":3}}},"20":{"name":"(anonymous_20)","decl":{"start":{"line":103,"column":2},"end":{"line":103,"column":14}},"loc":{"start":{"line":103,"column":55},"end":{"line":105,"column":3}}}},"branchMap":{"0":{"loc":{"start":{"line":23,"column":11},"end":{"line":23,"column":34}},"type":"binary-expr","locations":[{"start":{"line":23,"column":11},"end":{"line":23,"column":34}},{"start":{"line":23,"column":38},"end":{"line":23,"column":57}}]},"1":{"loc":{"start":{"line":39,"column":4},"end":{"line":41,"column":null}},"type":"if","locations":[{"start":{"line":39,"column":4},"end":{"line":41,"column":null}},{"start":{"line":39,"column":4},"end":{"line":41,"column":null}}]},"2":{"loc":{"start":{"line":45,"column":11},"end":{"line":45,"column":15}},"type":"binary-expr","locations":[{"start":{"line":45,"column":11},"end":{"line":45,"column":15}},{"start":{"line":45,"column":19},"end":{"line":45,"column":20}}]},"3":{"loc":{"start":{"line":74,"column":11},"end":{"line":74,"column":39}},"type":"binary-expr","locations":[{"start":{"line":74,"column":11},"end":{"line":74,"column":39}},{"start":{"line":74,"column":43},"end":{"line":74,"column":79}}]},"4":{"loc":{"start":{"line":97,"column":50},"end":{"line":97,"column":55}},"type":"default-arg","locations":[{"start":{"line":97,"column":50},"end":{"line":97,"column":55}}]},"5":{"loc":{"start":{"line":103,"column":50},"end":{"line":103,"column":55}},"type":"default-arg","locations":[{"start":{"line":103,"column":50},"end":{"line":103,"column":55}}]}},"s":{"0":3,"1":3,"2":2,"3":2,"4":1,"5":2,"6":2,"7":2,"8":0,"9":0,"10":0,"11":1,"12":5,"13":1,"14":3,"15":2,"16":1,"17":1,"18":4,"19":1,"20":35,"21":35,"22":19,"23":6,"24":4,"25":4,"26":10,"27":0,"28":2,"29":2,"30":2,"31":1,"32":0,"33":1,"34":1,"35":1},"f":{"0":3,"1":2,"2":2,"3":2,"4":0,"5":0,"6":5,"7":1,"8":3,"9":4,"10":35,"11":19,"12":6,"13":4,"14":4,"15":10,"16":0,"17":2,"18":2,"19":0,"20":1},"b":{"0":[0,0],"1":[2,1],"2":[1,0],"3":[4,3],"4":[0],"5":[0]}}
,"/Users/nhn/github/NT-FE-STUDY/04-tdd/src/chapter-1/15.ts": {"path":"/Users/nhn/github/NT-FE-STUDY/04-tdd/src/chapter-1/15.ts","statementMap":{"0":{"start":{"line":7,"column":21},"end":{"line":7,"column":39}},"1":{"start":{"line":7,"column":48},"end":{"line":7,"column":66}},"2":{"start":{"line":10,"column":4},"end":{"line":10,"column":16}},"3":{"start":{"line":16,"column":19},"end":{"line":16,"column":92}},"4":{"start":{"line":17,"column":4},"end":{"line":17,"column":33}},"5":{"start":{"line":6,"column":0},"end":{"line":6,"column":13}},"6":{"start":{"line":22,"column":22},"end":{"line":22,"column":34}},"7":{"start":{"line":22,"column":44},"end":{"line":22,"column":54}},"8":{"start":{"line":25,"column":4},"end":{"line":25,"column":37}},"9":{"start":{"line":29,"column":17},"end":{"line":29,"column":31}},"10":{"start":{"line":30,"column":4},"end":{"line":30,"column":58}},"11":{"start":{"line":34,"column":4},"end":{"line":34,"column":13}},"12":{"start":{"line":21,"column":0},"end":{"line":21,"column":13}},"13":{"start":{"line":39,"column":10},"end":{"line":39,"column":44}},"14":{"start":{"line":42,"column":4},"end":{"line":42,"column":51}},"15":{"start":{"line":46,"column":4},"end":{"line":48,"column":null}},"16":{"start":{"line":47,"column":6},"end":{"line":47,"column":15}},"17":{"start":{"line":50,"column":17},"end":{"line":50,"column":57}},"18":{"start":{"line":52,"column":4},"end":{"line":52,"column":21}},"19":{"start":{"line":61,"column":4},"end":{"line":61,"column":35}},"20":{"start":{"line":38,"column":0},"end":{"line":38,"column":13}},"21":{"start":{"line":66,"column":21},"end":{"line":66,"column":35}},"22":{"start":{"line":66,"column":47},"end":{"line":66,"column":64}},"23":{"start":{"line":69,"column":4},"end":{"line":69,"column":36}},"24":{"start":{"line":73,"column":4},"end":{"line":73,"column":36}},"25":{"start":{"line":77,"column":4},"end":{"line":77,"column":63}},"26":{"start":{"line":81,"column":4},"end":{"line":81,"column":80}},"27":{"start":{"line":85,"column":4},"end":{"line":85,"column":26}},"28":{"start":{"line":89,"column":4},"end":{"line":89,"column":47}},"29":{"start":{"line":94,"column":4},"end":{"line":94,"column":33}},"30":{"start":{"line":98,"column":17},"end":{"line":98,"column":47}},"31":{"start":{"line":99,"column":4},"end":{"line":99,"column":45}},"32":{"start":{"line":65,"column":0},"end":{"line":65,"column":13}},"33":{"start":{"line":105,"column":4},"end":{"line":105,"column":29}},"34":{"start":{"line":103,"column":0},"end":{"line":103,"column":13}},"35":{"start":{"line":111,"column":4},"end":{"line":111,"column":29}},"36":{"start":{"line":109,"column":0},"end":{"line":109,"column":13}}},"fnMap":{"0":{"name":"(anonymous_0)","decl":{"start":{"line":7,"column":2},"end":{"line":7,"column":21}},"loc":{"start":{"line":7,"column":66},"end":{"line":7,"column":70}}},"1":{"name":"(anonymous_1)","decl":{"start":{"line":9,"column":2},"end":{"line":9,"column":6}},"loc":{"start":{"line":9,"column":25},"end":{"line":11,"column":3}}},"2":{"name":"(anonymous_2)","decl":{"start":{"line":13,"column":2},"end":{"line":13,"column":8}},"loc":{"start":{"line":13,"column":31},"end":{"line":18,"column":3}}},"3":{"name":"(anonymous_3)","decl":{"start":{"line":22,"column":2},"end":{"line":22,"column":22}},"loc":{"start":{"line":22,"column":54},"end":{"line":22,"column":58}}},"4":{"name":"(anonymous_4)","decl":{"start":{"line":24,"column":2},"end":{"line":24,"column":5}},"loc":{"start":{"line":24,"column":5},"end":{"line":26,"column":3}}},"5":{"name":"(anonymous_5)","decl":{"start":{"line":28,"column":2},"end":{"line":28,"column":8}},"loc":{"start":{"line":28,"column":23},"end":{"line":31,"column":3}}},"6":{"name":"(anonymous_6)","decl":{"start":{"line":33,"column":2},"end":{"line":33,"column":10}},"loc":{"start":{"line":33,"column":10},"end":{"line":35,"column":3}}},"7":{"name":"(anonymous_7)","decl":{"start":{"line":38,"column":0},"end":{"line":38,"column":13}},"loc":{"start":{"line":38,"column":0},"end":{"line":63,"column":1}}},"8":{"name":"(anonymous_8)","decl":{"start":{"line":41,"column":2},"end":{"line":41,"column":9}},"loc":{"start":{"line":41,"column":48},"end":{"line":43,"column":3}}},"9":{"name":"(anonymous_9)","decl":{"start":{"line":45,"column":2},"end":{"line":45,"column":6}},"loc":{"start":{"line":45,"column":31},"end":{"line":54,"column":3}}},"10":{"name":"(anonymous_10)","decl":{"start":{"line":56,"column":2},"end":{"line":56,"column":8}},"loc":{"start":{"line":56,"column":39},"end":{"line":62,"column":3}}},"11":{"name":"(anonymous_11)","decl":{"start":{"line":66,"column":2},"end":{"line":66,"column":21}},"loc":{"start":{"line":66,"column":64},"end":{"line":66,"column":68}}},"12":{"name":"(anonymous_12)","decl":{"start":{"line":68,"column":2},"end":{"line":68,"column":8}},"loc":{"start":{"line":68,"column":30},"end":{"line":70,"column":3}}},"13":{"name":"(anonymous_13)","decl":{"start":{"line":72,"column":2},"end":{"line":72,"column":8}},"loc":{"start":{"line":72,"column":29},"end":{"line":74,"column":3}}},"14":{"name":"(anonymous_14)","decl":{"start":{"line":76,"column":2},"end":{"line":76,"column":7}},"loc":{"start":{"line":76,"column":26},"end":{"line":78,"column":3}}},"15":{"name":"(anonymous_15)","decl":{"start":{"line":80,"column":2},"end":{"line":80,"column":8}},"loc":{"start":{"line":80,"column":21},"end":{"line":82,"column":3}}},"16":{"name":"(anonymous_16)","decl":{"start":{"line":84,"column":2},"end":{"line":84,"column":10}},"loc":{"start":{"line":84,"column":10},"end":{"line":86,"column":3}}},"17":{"name":"(anonymous_17)","decl":{"start":{"line":88,"column":2},"end":{"line":88,"column":10}},"loc":{"start":{"line":88,"column":10},"end":{"line":90,"column":3}}},"18":{"name":"(anonymous_18)","decl":{"start":{"line":92,"column":2},"end":{"line":92,"column":6}},"loc":{"start":{"line":92,"column":25},"end":{"line":95,"column":3}}},"19":{"name":"(anonymous_19)","decl":{"start":{"line":97,"column":2},"end":{"line":97,"column":8}},"loc":{"start":{"line":97,"column":31},"end":{"line":100,"column":3}}},"20":{"name":"(anonymous_20)","decl":{"start":{"line":104,"column":2},"end":{"line":104,"column":14}},"loc":{"start":{"line":104,"column":55},"end":{"line":106,"column":3}}},"21":{"name":"(anonymous_21)","decl":{"start":{"line":110,"column":2},"end":{"line":110,"column":14}},"loc":{"start":{"line":110,"column":55},"end":{"line":112,"column":3}}}},"branchMap":{"0":{"loc":{"start":{"line":30,"column":11},"end":{"line":30,"column":34}},"type":"binary-expr","locations":[{"start":{"line":30,"column":11},"end":{"line":30,"column":34}},{"start":{"line":30,"column":38},"end":{"line":30,"column":57}}]},"1":{"loc":{"start":{"line":46,"column":4},"end":{"line":48,"column":null}},"type":"if","locations":[{"start":{"line":46,"column":4},"end":{"line":48,"column":null}},{"start":{"line":46,"column":4},"end":{"line":48,"column":null}}]},"2":{"loc":{"start":{"line":52,"column":11},"end":{"line":52,"column":15}},"type":"binary-expr","locations":[{"start":{"line":52,"column":11},"end":{"line":52,"column":15}},{"start":{"line":52,"column":19},"end":{"line":52,"column":20}}]},"3":{"loc":{"start":{"line":81,"column":11},"end":{"line":81,"column":39}},"type":"binary-expr","locations":[{"start":{"line":81,"column":11},"end":{"line":81,"column":39}},{"start":{"line":81,"column":43},"end":{"line":81,"column":79}}]},"4":{"loc":{"start":{"line":104,"column":50},"end":{"line":104,"column":55}},"type":"default-arg","locations":[{"start":{"line":104,"column":50},"end":{"line":104,"column":55}}]},"5":{"loc":{"start":{"line":110,"column":50},"end":{"line":110,"column":55}},"type":"default-arg","locations":[{"start":{"line":110,"column":50},"end":{"line":110,"column":55}}]}},"s":{"0":4,"1":4,"2":0,"3":3,"4":3,"5":1,"6":4,"7":4,"8":4,"9":0,"10":0,"11":0,"12":1,"13":6,"14":2,"15":9,"16":7,"17":2,"18":2,"19":5,"20":1,"21":45,"22":45,"23":21,"24":7,"25":4,"26":4,"27":16,"28":0,"29":3,"30":8,"31":8,"32":1,"33":0,"34":1,"35":1,"36":1},"f":{"0":4,"1":0,"2":3,"3":4,"4":4,"5":0,"6":0,"7":6,"8":2,"9":9,"10":5,"11":45,"12":21,"13":7,"14":4,"15":4,"16":16,"17":0,"18":3,"19":8,"20":0,"21":1},"b":{"0":[0,0],"1":[7,2],"2":[2,0],"3":[4,3],"4":[0],"5":[0]}}
}
