TN:
SF:src/chapter-1/07.ts
FN:1,getClassName
FN:6,(anonymous_1)
FN:10,(anonymous_2)
FN:14,(anonymous_3)
FN:18,(anonymous_4)
FN:24,(anonymous_5)
FN:30,(anonymous_6)
FNF:7
FNH:7
FNDA:6,getClassName
FNDA:20,(anonymous_1)
FNDA:6,(anonymous_2)
FNDA:3,(anonymous_3)
FNDA:5,(anonymous_4)
FNDA:2,(anonymous_5)
FNDA:2,(anonymous_6)
DA:2,6
DA:5,1
DA:6,20
DA:11,6
DA:15,3
DA:19,5
DA:23,1
DA:25,2
DA:29,1
DA:31,2
LF:10
LH:10
BRDA:19,0,0,5
BRDA:19,0,1,3
BRF:2
BRH:2
end_of_record
TN:
SF:src/chapter-1/08.ts
FN:1,getClassName
FN:6,(anonymous_1)
FN:10,(anonymous_2)
FN:14,(anonymous_3)
FN:18,(anonymous_4)
FN:24,(anonymous_5)
FN:30,(anonymous_6)
FNF:7
FNH:7
FNDA:6,getClassName
FNDA:20,(anonymous_1)
FNDA:8,(anonymous_2)
FNDA:3,(anonymous_3)
FNDA:5,(anonymous_4)
FNDA:2,(anonymous_5)
FNDA:2,(anonymous_6)
DA:2,6
DA:5,1
DA:6,20
DA:11,8
DA:15,3
DA:19,5
DA:23,1
DA:25,2
DA:29,1
DA:31,2
LF:10
LH:10
BRDA:19,0,0,5
BRDA:19,0,1,3
BRF:2
BRH:2
end_of_record
TN:
SF:src/chapter-1/09.ts
FN:1,getClassName
FN:6,(anonymous_1)
FN:10,(anonymous_2)
FN:14,(anonymous_3)
FN:18,(anonymous_4)
FN:22,(anonymous_5)
FN:28,(anonymous_6)
FN:32,(anonymous_7)
FN:38,(anonymous_8)
FN:42,(anonymous_9)
FNF:10
FNH:10
FNDA:6,getClassName
FNDA:22,(anonymous_1)
FNDA:11,(anonymous_2)
FNDA:6,(anonymous_3)
FNDA:5,(anonymous_4)
FNDA:2,(anonymous_5)
FNDA:11,(anonymous_6)
FNDA:2,(anonymous_7)
FNDA:11,(anonymous_8)
FNDA:2,(anonymous_9)
DA:2,6
DA:5,1
DA:6,22
DA:11,11
DA:15,6
DA:19,5
DA:23,2
DA:27,1
DA:29,11
DA:33,2
DA:37,1
DA:39,11
DA:43,2
LF:13
LH:13
BRDA:19,0,0,5
BRDA:19,0,1,3
BRDA:28,1,0,11
BRDA:38,2,0,11
BRF:4
BRH:4
end_of_record
TN:
SF:src/chapter-1/10.ts
FN:2,(anonymous_0)
FN:4,(anonymous_1)
FN:8,(anonymous_2)
FN:12,(anonymous_3)
FN:16,(anonymous_4)
FN:20,(anonymous_5)
FN:24,(anonymous_6)
FN:30,(anonymous_7)
FN:36,(anonymous_8)
FNF:9
FNH:8
FNDA:24,(anonymous_0)
FNDA:9,(anonymous_1)
FNDA:4,(anonymous_2)
FNDA:4,(anonymous_3)
FNDA:6,(anonymous_4)
FNDA:10,(anonymous_5)
FNDA:0,(anonymous_6)
FNDA:9,(anonymous_7)
FNDA:10,(anonymous_8)
DA:1,1
DA:2,24
DA:5,9
DA:9,4
DA:13,4
DA:17,6
DA:21,10
DA:25,0
DA:29,1
DA:31,9
DA:35,1
DA:37,10
LF:12
LH:11
BRDA:17,0,0,6
BRDA:17,0,1,4
BRDA:30,1,0,9
BRDA:36,2,0,9
BRF:4
BRH:4
end_of_record
TN:
SF:src/chapter-1/11.ts
FN:2,(anonymous_0)
FN:4,(anonymous_1)
FN:8,(anonymous_2)
FN:12,(anonymous_3)
FN:16,(anonymous_4)
FN:20,(anonymous_5)
FN:24,(anonymous_6)
FN:30,(anonymous_7)
FN:36,(anonymous_8)
FNF:9
FNH:7
FNDA:20,(anonymous_0)
FNDA:9,(anonymous_1)
FNDA:5,(anonymous_2)
FNDA:4,(anonymous_3)
FNDA:4,(anonymous_4)
FNDA:8,(anonymous_5)
FNDA:0,(anonymous_6)
FNDA:0,(anonymous_7)
FNDA:1,(anonymous_8)
DA:1,1
DA:2,20
DA:5,9
DA:9,5
DA:13,4
DA:17,4
DA:21,8
DA:25,0
DA:29,1
DA:31,0
DA:35,1
DA:37,1
LF:12
LH:10
BRDA:17,0,0,4
BRDA:17,0,1,3
BRDA:30,1,0,0
BRDA:36,2,0,0
BRF:4
BRH:2
end_of_record
TN:
SF:src/chapter-1/12.ts
FN:6,(anonymous_0)
FN:12,(anonymous_1)
FN:14,(anonymous_2)
FN:18,(anonymous_3)
FN:22,(anonymous_4)
FN:26,(anonymous_5)
FN:30,(anonymous_6)
FN:34,(anonymous_7)
FN:38,(anonymous_8)
FN:44,(anonymous_9)
FN:50,(anonymous_10)
FNF:11
FNH:9
FNDA:1,(anonymous_0)
FNDA:26,(anonymous_1)
FNDA:14,(anonymous_2)
FNDA:5,(anonymous_3)
FNDA:4,(anonymous_4)
FNDA:4,(anonymous_5)
FNDA:8,(anonymous_6)
FNDA:0,(anonymous_7)
FNDA:1,(anonymous_8)
FNDA:0,(anonymous_9)
FNDA:1,(anonymous_10)
DA:5,1
DA:7,1
DA:11,1
DA:12,26
DA:15,14
DA:19,5
DA:23,4
DA:27,4
DA:31,8
DA:35,0
DA:39,1
DA:43,1
DA:45,0
DA:49,1
DA:51,1
LF:15
LH:13
BRDA:27,0,0,4
BRDA:27,0,1,3
BRDA:44,1,0,0
BRDA:50,2,0,0
BRF:4
BRH:2
end_of_record
TN:
SF:src/chapter-1/13.ts
FN:6,(anonymous_0)
FN:8,(anonymous_1)
FN:15,(anonymous_2)
FN:25,(anonymous_3)
FN:27,(anonymous_4)
FN:31,(anonymous_5)
FN:35,(anonymous_6)
FN:39,(anonymous_7)
FN:43,(anonymous_8)
FN:47,(anonymous_9)
FN:51,(anonymous_10)
FN:56,(anonymous_11)
FN:62,(anonymous_12)
FN:68,(anonymous_13)
FNF:14
FNH:12
FNDA:3,(anonymous_0)
FNDA:2,(anonymous_1)
FNDA:3,(anonymous_2)
FNDA:31,(anonymous_3)
FNDA:18,(anonymous_4)
FNDA:5,(anonymous_5)
FNDA:4,(anonymous_6)
FNDA:4,(anonymous_7)
FNDA:8,(anonymous_8)
FNDA:0,(anonymous_9)
FNDA:2,(anonymous_10)
FNDA:1,(anonymous_11)
FNDA:0,(anonymous_12)
FNDA:1,(anonymous_13)
DA:5,1
DA:6,3
DA:9,2
DA:10,2
DA:14,1
DA:20,3
DA:24,1
DA:25,31
DA:28,18
DA:32,5
DA:36,4
DA:40,4
DA:44,8
DA:48,0
DA:53,2
DA:57,1
DA:61,1
DA:63,0
DA:67,1
DA:69,1
LF:20
LH:18
BRDA:40,0,0,4
BRDA:40,0,1,3
BRDA:62,1,0,0
BRDA:68,2,0,0
BRF:4
BRH:2
end_of_record
TN:
SF:src/chapter-1/14.ts
FN:6,(anonymous_0)
FN:8,(anonymous_1)
FN:15,(anonymous_2)
FN:17,(anonymous_3)
FN:21,(anonymous_4)
FN:26,(anonymous_5)
FN:31,(anonymous_6)
FN:34,(anonymous_7)
FN:38,(anonymous_8)
FN:49,(anonymous_9)
FN:59,(anonymous_10)
FN:61,(anonymous_11)
FN:65,(anonymous_12)
FN:69,(anonymous_13)
FN:73,(anonymous_14)
FN:77,(anonymous_15)
FN:81,(anonymous_16)
FN:85,(anonymous_17)
FN:90,(anonymous_18)
FN:97,(anonymous_19)
FN:103,(anonymous_20)
FNF:21
FNH:17
FNDA:3,(anonymous_0)
FNDA:2,(anonymous_1)
FNDA:2,(anonymous_2)
FNDA:2,(anonymous_3)
FNDA:0,(anonymous_4)
FNDA:0,(anonymous_5)
FNDA:5,(anonymous_6)
FNDA:1,(anonymous_7)
FNDA:3,(anonymous_8)
FNDA:4,(anonymous_9)
FNDA:35,(anonymous_10)
FNDA:19,(anonymous_11)
FNDA:6,(anonymous_12)
FNDA:4,(anonymous_13)
FNDA:4,(anonymous_14)
FNDA:10,(anonymous_15)
FNDA:0,(anonymous_16)
FNDA:2,(anonymous_17)
FNDA:2,(anonymous_18)
FNDA:0,(anonymous_19)
FNDA:1,(anonymous_20)
DA:5,1
DA:6,3
DA:9,2
DA:10,2
DA:14,1
DA:15,2
DA:18,2
DA:22,0
DA:23,0
DA:27,0
DA:31,1
DA:32,5
DA:35,1
DA:39,3
DA:40,2
DA:43,1
DA:45,1
DA:54,4
DA:58,1
DA:59,35
DA:62,19
DA:66,6
DA:70,4
DA:74,4
DA:78,10
DA:82,0
DA:87,2
DA:91,2
DA:92,2
DA:96,1
DA:98,0
DA:102,1
DA:104,1
LF:33
LH:28
BRDA:23,0,0,0
BRDA:23,0,1,0
BRDA:39,1,0,2
BRDA:39,1,1,1
BRDA:45,2,0,1
BRDA:45,2,1,0
BRDA:74,3,0,4
BRDA:74,3,1,3
BRDA:97,4,0,0
BRDA:103,5,0,0
BRF:10
BRH:5
end_of_record
TN:
SF:src/chapter-1/15.ts
FN:7,(anonymous_0)
FN:9,(anonymous_1)
FN:13,(anonymous_2)
FN:22,(anonymous_3)
FN:24,(anonymous_4)
FN:28,(anonymous_5)
FN:33,(anonymous_6)
FN:38,(anonymous_7)
FN:41,(anonymous_8)
FN:45,(anonymous_9)
FN:56,(anonymous_10)
FN:66,(anonymous_11)
FN:68,(anonymous_12)
FN:72,(anonymous_13)
FN:76,(anonymous_14)
FN:80,(anonymous_15)
FN:84,(anonymous_16)
FN:88,(anonymous_17)
FN:92,(anonymous_18)
FN:97,(anonymous_19)
FN:104,(anonymous_20)
FN:110,(anonymous_21)
FNF:22
FNH:17
FNDA:4,(anonymous_0)
FNDA:0,(anonymous_1)
FNDA:3,(anonymous_2)
FNDA:4,(anonymous_3)
FNDA:4,(anonymous_4)
FNDA:0,(anonymous_5)
FNDA:0,(anonymous_6)
FNDA:6,(anonymous_7)
FNDA:2,(anonymous_8)
FNDA:9,(anonymous_9)
FNDA:5,(anonymous_10)
FNDA:45,(anonymous_11)
FNDA:21,(anonymous_12)
FNDA:7,(anonymous_13)
FNDA:4,(anonymous_14)
FNDA:4,(anonymous_15)
FNDA:16,(anonymous_16)
FNDA:0,(anonymous_17)
FNDA:3,(anonymous_18)
FNDA:8,(anonymous_19)
FNDA:0,(anonymous_20)
FNDA:1,(anonymous_21)
DA:6,1
DA:7,4
DA:10,0
DA:16,3
DA:17,3
DA:21,1
DA:22,4
DA:25,4
DA:29,0
DA:30,0
DA:34,0
DA:38,1
DA:39,6
DA:42,2
DA:46,9
DA:47,7
DA:50,2
DA:52,2
DA:61,5
DA:65,1
DA:66,45
DA:69,21
DA:73,7
DA:77,4
DA:81,4
DA:85,16
DA:89,0
DA:94,3
DA:98,8
DA:99,8
DA:103,1
DA:105,0
DA:109,1
DA:111,1
LF:34
LH:28
BRDA:30,0,0,0
BRDA:30,0,1,0
BRDA:46,1,0,7
BRDA:46,1,1,2
BRDA:52,2,0,2
BRDA:52,2,1,0
BRDA:81,3,0,4
BRDA:81,3,1,3
BRDA:104,4,0,0
BRDA:110,5,0,0
BRF:10
BRH:5
end_of_record
TN:
SF:src/chapter-1/16.ts
FN:8,(anonymous_0)
FN:10,(anonymous_1)
FN:14,(anonymous_2)
FN:18,(anonymous_3)
FN:27,(anonymous_4)
FN:29,(anonymous_5)
FN:33,(anonymous_6)
FN:38,(anonymous_7)
FN:43,(anonymous_8)
FN:46,(anonymous_9)
FN:50,(anonymous_10)
FN:61,(anonymous_11)
FN:71,(anonymous_12)
FN:73,(anonymous_13)
FN:77,(anonymous_14)
FN:81,(anonymous_15)
FN:85,(anonymous_16)
FN:89,(anonymous_17)
FN:93,(anonymous_18)
FN:97,(anonymous_19)
FN:102,(anonymous_20)
FN:109,(anonymous_21)
FN:115,(anonymous_22)
FNF:23
FNH:19
FNDA:8,(anonymous_0)
FNDA:1,(anonymous_1)
FNDA:1,(anonymous_2)
FNDA:6,(anonymous_3)
FNDA:8,(anonymous_4)
FNDA:8,(anonymous_5)
FNDA:0,(anonymous_6)
FNDA:0,(anonymous_7)
FNDA:8,(anonymous_8)
FNDA:4,(anonymous_9)
FNDA:14,(anonymous_10)
FNDA:7,(anonymous_11)
FNDA:61,(anonymous_12)
FNDA:25,(anonymous_13)
FNDA:9,(anonymous_14)
FNDA:6,(anonymous_15)
FNDA:4,(anonymous_16)
FNDA:21,(anonymous_17)
FNDA:0,(anonymous_18)
FNDA:3,(anonymous_19)
FNDA:13,(anonymous_20)
FNDA:0,(anonymous_21)
FNDA:1,(anonymous_22)
DA:7,1
DA:8,8
DA:11,1
DA:15,1
DA:21,6
DA:22,6
DA:26,1
DA:27,8
DA:30,8
DA:34,0
DA:35,0
DA:39,0
DA:43,1
DA:44,8
DA:47,4
DA:51,14
DA:52,10
DA:55,4
DA:57,4
DA:66,7
DA:70,1
DA:71,61
DA:74,25
DA:78,9
DA:82,6
DA:86,4
DA:90,21
DA:94,0
DA:99,3
DA:103,13
DA:104,13
DA:108,1
DA:110,0
DA:114,1
DA:116,1
LF:35
LH:30
BRDA:35,0,0,0
BRDA:35,0,1,0
BRDA:51,1,0,10
BRDA:51,1,1,4
BRDA:57,2,0,4
BRDA:57,2,1,0
BRDA:86,3,0,4
BRDA:86,3,1,3
BRDA:109,4,0,0
BRDA:115,5,0,0
BRF:10
BRH:5
end_of_record
